<?xml version="1.0" encoding="UTF-8"?>
<!-- Generated by org.testng.reporters.JUnitXMLReporter -->
<testsuite hostname="B2-LAP-GKARTHI2" ignored="0" name="Validate Title" tests="1" failures="1" timestamp="14 Apr 2018 05:56:13 GMT" time="15.725" errors="0">
  <testcase name="basePageNavigation" time="12.458" classname="testcases.ValidateTitle">
    <failure type="java.lang.AssertionError" message="expected [Christopher &amp;amp; Banks] but found []">
      <![CDATA[java.lang.AssertionError: expected [Christopher & Banks] but found []
at testcases.ValidateTitle.basePageNavigation(ValidateTitle.java:37)
... Removed 35 stack frames]]>
    </failure>
  </testcase> <!-- basePageNavigation -->
</testsuite> <!-- Validate Title -->
