<?xml version="1.0" encoding="UTF-8"?>
<testng-results skipped="0" failed="3" ignored="0" total="8" passed="5">
  <reporter-output>
  </reporter-output>
  <suite name="Suite" duration-ms="145605" started-at="2018-04-14T05:54:38Z" finished-at="2018-04-14T05:57:03Z">
    <groups>
    </groups>
    <test name="Homepage" duration-ms="64656" started-at="2018-04-14T05:54:38Z" finished-at="2018-04-14T05:55:42Z">
      <class name="e2e.Homepage">
        <test-method status="PASS" signature="intialize()[pri:0, instance:e2e.Homepage@692f203f]" name="intialize" is-config="true" duration-ms="2758" started-at="2018-04-14T05:54:38Z" finished-at="2018-04-14T05:54:40Z">
          <reporter-output>
          </reporter-output>
        </test-method> <!-- intialize -->
        <test-method status="PASS" signature="basePageNavigation(java.lang.String, java.lang.String, java.lang.String)[pri:0, instance:e2e.Homepage@692f203f]" name="basePageNavigation" duration-ms="26396" started-at="2018-04-14T05:54:40Z" data-provider="getData" finished-at="2018-04-14T05:55:07Z">
          <params>
            <param index="0">
              <value>
                <![CDATA[kgautam@pfsweb.com]]>
              </value>
            </param>
            <param index="1">
              <value>
                <![CDATA[India@123]]>
              </value>
            </param>
            <param index="2">
              <value>
                <![CDATA[Restricted Text]]>
              </value>
            </param>
          </params>
          <reporter-output>
          </reporter-output>
        </test-method> <!-- basePageNavigation -->
        <test-method status="PASS" signature="basePageNavigation(java.lang.String, java.lang.String, java.lang.String)[pri:0, instance:e2e.Homepage@692f203f]" name="basePageNavigation" duration-ms="12658" started-at="2018-04-14T05:55:07Z" data-provider="getData" finished-at="2018-04-14T05:55:19Z">
          <params>
            <param index="0">
              <value>
                <![CDATA[dksingh@pfsweb.com]]>
              </value>
            </param>
            <param index="1">
              <value>
                <![CDATA[India@123]]>
              </value>
            </param>
            <param index="2">
              <value>
                <![CDATA[Restricted Text]]>
              </value>
            </param>
          </params>
          <reporter-output>
          </reporter-output>
        </test-method> <!-- basePageNavigation -->
        <test-method status="PASS" signature="basePageNavigation(java.lang.String, java.lang.String, java.lang.String)[pri:0, instance:e2e.Homepage@692f203f]" name="basePageNavigation" duration-ms="22550" started-at="2018-04-14T05:55:19Z" data-provider="getData" finished-at="2018-04-14T05:55:42Z">
          <params>
            <param index="0">
              <value>
                <![CDATA[neelima@rev.com]]>
              </value>
            </param>
            <param index="1">
              <value>
                <![CDATA[Jesuscom5]]>
              </value>
            </param>
            <param index="2">
              <value>
                <![CDATA[successfully logged in]]>
              </value>
            </param>
          </params>
          <reporter-output>
          </reporter-output>
        </test-method> <!-- basePageNavigation -->
        <test-method status="PASS" signature="teardown()[pri:0, instance:e2e.Homepage@692f203f]" name="teardown" is-config="true" duration-ms="258" started-at="2018-04-14T05:55:42Z" finished-at="2018-04-14T05:55:42Z">
          <reporter-output>
          </reporter-output>
        </test-method> <!-- teardown -->
      </class> <!-- e2e.Homepage -->
    </test> <!-- Homepage -->
    <test name="Category Navigation" duration-ms="14740" started-at="2018-04-14T05:55:42Z" finished-at="2018-04-14T05:55:57Z">
      <class name="testcases.CategoryNavigation">
        <test-method status="PASS" signature="intialize()[pri:0, instance:testcases.CategoryNavigation@6771beb3]" name="intialize" is-config="true" duration-ms="2542" started-at="2018-04-14T05:55:42Z" finished-at="2018-04-14T05:55:45Z">
          <reporter-output>
          </reporter-output>
        </test-method> <!-- intialize -->
        <test-method status="PASS" signature="basePageNavigation()[pri:0, instance:testcases.CategoryNavigation@6771beb3]" name="basePageNavigation" duration-ms="11958" started-at="2018-04-14T05:55:45Z" finished-at="2018-04-14T05:55:57Z">
          <reporter-output>
          </reporter-output>
        </test-method> <!-- basePageNavigation -->
        <test-method status="PASS" signature="teardown()[pri:0, instance:testcases.CategoryNavigation@6771beb3]" name="teardown" is-config="true" duration-ms="240" started-at="2018-04-14T05:55:57Z" finished-at="2018-04-14T05:55:57Z">
          <reporter-output>
          </reporter-output>
        </test-method> <!-- teardown -->
      </class> <!-- testcases.CategoryNavigation -->
    </test> <!-- Category Navigation -->
    <test name="Validate Title" duration-ms="15725" started-at="2018-04-14T05:55:57Z" finished-at="2018-04-14T05:56:13Z">
      <class name="testcases.ValidateTitle">
        <test-method status="PASS" signature="intialize()[pri:0, instance:testcases.ValidateTitle@13c9d689]" name="intialize" is-config="true" duration-ms="2358" started-at="2018-04-14T05:55:57Z" finished-at="2018-04-14T05:55:59Z">
          <reporter-output>
          </reporter-output>
        </test-method> <!-- intialize -->
        <test-method status="FAIL" signature="basePageNavigation()[pri:0, instance:testcases.ValidateTitle@13c9d689]" name="basePageNavigation" duration-ms="12458" started-at="2018-04-14T05:55:59Z" finished-at="2018-04-14T05:56:12Z">
          <exception class="java.lang.AssertionError">
            <message>
              <![CDATA[expected [Christopher & Banks] but found []]]>
            </message>
            <full-stacktrace>
              <![CDATA[java.lang.AssertionError: expected [Christopher & Banks] but found []
at org.testng.Assert.fail(Assert.java:96)
at org.testng.Assert.failNotEquals(Assert.java:776)
at org.testng.Assert.assertEqualsImpl(Assert.java:137)
at org.testng.Assert.assertEquals(Assert.java:118)
at org.testng.Assert.assertEquals(Assert.java:453)
at org.testng.Assert.assertEquals(Assert.java:463)
at testcases.ValidateTitle.basePageNavigation(ValidateTitle.java:37)
at sun.reflect.NativeMethodAccessorImpl.invoke0(Native Method)
at sun.reflect.NativeMethodAccessorImpl.invoke(NativeMethodAccessorImpl.java:62)
at sun.reflect.DelegatingMethodAccessorImpl.invoke(DelegatingMethodAccessorImpl.java:43)
at java.lang.reflect.Method.invoke(Method.java:497)
at org.testng.internal.MethodInvocationHelper.invokeMethod(MethodInvocationHelper.java:124)
at org.testng.internal.Invoker.invokeMethod(Invoker.java:583)
at org.testng.internal.Invoker.invokeTestMethod(Invoker.java:719)
at org.testng.internal.Invoker.invokeTestMethods(Invoker.java:989)
at org.testng.internal.TestMethodWorker.invokeTestMethods(TestMethodWorker.java:125)
at org.testng.internal.TestMethodWorker.run(TestMethodWorker.java:109)
at org.testng.TestRunner.privateRun(TestRunner.java:648)
at org.testng.TestRunner.run(TestRunner.java:505)
at org.testng.SuiteRunner.runTest(SuiteRunner.java:455)
at org.testng.SuiteRunner.runSequentially(SuiteRunner.java:450)
at org.testng.SuiteRunner.privateRun(SuiteRunner.java:415)
at org.testng.SuiteRunner.run(SuiteRunner.java:364)
at org.testng.SuiteRunnerWorker.runSuite(SuiteRunnerWorker.java:52)
at org.testng.SuiteRunnerWorker.run(SuiteRunnerWorker.java:84)
at org.testng.TestNG.runSuitesSequentially(TestNG.java:1208)
at org.testng.TestNG.runSuitesLocally(TestNG.java:1137)
at org.testng.TestNG.runSuites(TestNG.java:1049)
at org.testng.TestNG.run(TestNG.java:1017)
at org.apache.maven.surefire.testng.TestNGExecutor.run(TestNGExecutor.java:283)
at org.apache.maven.surefire.testng.TestNGXmlTestSuite.execute(TestNGXmlTestSuite.java:75)
at org.apache.maven.surefire.testng.TestNGProvider.invoke(TestNGProvider.java:120)
at org.apache.maven.surefire.booter.ForkedBooter.invokeProviderInSameClassLoader(ForkedBooter.java:379)
at org.apache.maven.surefire.booter.ForkedBooter.runSuitesInProcess(ForkedBooter.java:340)
at org.apache.maven.surefire.booter.ForkedBooter.execute(ForkedBooter.java:125)
at org.apache.maven.surefire.booter.ForkedBooter.main(ForkedBooter.java:413)
]]>
            </full-stacktrace>
          </exception> <!-- java.lang.AssertionError -->
          <reporter-output>
          </reporter-output>
        </test-method> <!-- basePageNavigation -->
        <test-method status="PASS" signature="teardown()[pri:0, instance:testcases.ValidateTitle@13c9d689]" name="teardown" is-config="true" duration-ms="310" started-at="2018-04-14T05:56:12Z" finished-at="2018-04-14T05:56:13Z">
          <reporter-output>
          </reporter-output>
        </test-method> <!-- teardown -->
      </class> <!-- testcases.ValidateTitle -->
    </test> <!-- Validate Title -->
    <test name="sub category nav" duration-ms="17096" started-at="2018-04-14T05:56:13Z" finished-at="2018-04-14T05:56:30Z">
      <class name="testcases.SubcategoryNav">
        <test-method status="PASS" signature="intialize()[pri:0, instance:testcases.SubcategoryNav@776aec5c]" name="intialize" is-config="true" duration-ms="2380" started-at="2018-04-14T05:56:13Z" finished-at="2018-04-14T05:56:15Z">
          <reporter-output>
          </reporter-output>
        </test-method> <!-- intialize -->
        <test-method status="FAIL" signature="basePageNavigation()[pri:0, instance:testcases.SubcategoryNav@776aec5c]" name="basePageNavigation" duration-ms="12136" started-at="2018-04-14T05:56:15Z" finished-at="2018-04-14T05:56:27Z">
          <exception class="java.lang.NullPointerException">
            <full-stacktrace>
              <![CDATA[java.lang.NullPointerException
at com.google.common.base.Preconditions.checkNotNull(Preconditions.java:782)
at org.openqa.selenium.interactions.Actions.<init>(Actions.java:68)
at pageObjects.HoverElements.<init>(HoverElements.java:14)
at testcases.SubcategoryNav.basePageNavigation(SubcategoryNav.java:38)
at sun.reflect.NativeMethodAccessorImpl.invoke0(Native Method)
at sun.reflect.NativeMethodAccessorImpl.invoke(NativeMethodAccessorImpl.java:62)
at sun.reflect.DelegatingMethodAccessorImpl.invoke(DelegatingMethodAccessorImpl.java:43)
at java.lang.reflect.Method.invoke(Method.java:497)
at org.testng.internal.MethodInvocationHelper.invokeMethod(MethodInvocationHelper.java:124)
at org.testng.internal.Invoker.invokeMethod(Invoker.java:583)
at org.testng.internal.Invoker.invokeTestMethod(Invoker.java:719)
at org.testng.internal.Invoker.invokeTestMethods(Invoker.java:989)
at org.testng.internal.TestMethodWorker.invokeTestMethods(TestMethodWorker.java:125)
at org.testng.internal.TestMethodWorker.run(TestMethodWorker.java:109)
at org.testng.TestRunner.privateRun(TestRunner.java:648)
at org.testng.TestRunner.run(TestRunner.java:505)
at org.testng.SuiteRunner.runTest(SuiteRunner.java:455)
at org.testng.SuiteRunner.runSequentially(SuiteRunner.java:450)
at org.testng.SuiteRunner.privateRun(SuiteRunner.java:415)
at org.testng.SuiteRunner.run(SuiteRunner.java:364)
at org.testng.SuiteRunnerWorker.runSuite(SuiteRunnerWorker.java:52)
at org.testng.SuiteRunnerWorker.run(SuiteRunnerWorker.java:84)
at org.testng.TestNG.runSuitesSequentially(TestNG.java:1208)
at org.testng.TestNG.runSuitesLocally(TestNG.java:1137)
at org.testng.TestNG.runSuites(TestNG.java:1049)
at org.testng.TestNG.run(TestNG.java:1017)
at org.apache.maven.surefire.testng.TestNGExecutor.run(TestNGExecutor.java:283)
at org.apache.maven.surefire.testng.TestNGXmlTestSuite.execute(TestNGXmlTestSuite.java:75)
at org.apache.maven.surefire.testng.TestNGProvider.invoke(TestNGProvider.java:120)
at org.apache.maven.surefire.booter.ForkedBooter.invokeProviderInSameClassLoader(ForkedBooter.java:379)
at org.apache.maven.surefire.booter.ForkedBooter.runSuitesInProcess(ForkedBooter.java:340)
at org.apache.maven.surefire.booter.ForkedBooter.execute(ForkedBooter.java:125)
at org.apache.maven.surefire.booter.ForkedBooter.main(ForkedBooter.java:413)
]]>
            </full-stacktrace>
          </exception> <!-- java.lang.NullPointerException -->
          <reporter-output>
          </reporter-output>
        </test-method> <!-- basePageNavigation -->
        <test-method status="PASS" signature="teardown()[pri:0, instance:testcases.SubcategoryNav@776aec5c]" name="teardown" is-config="true" duration-ms="2093" started-at="2018-04-14T05:56:28Z" finished-at="2018-04-14T05:56:30Z">
          <reporter-output>
          </reporter-output>
        </test-method> <!-- teardown -->
      </class> <!-- testcases.SubcategoryNav -->
    </test> <!-- sub category nav -->
    <test name="Contet Test" duration-ms="17545" started-at="2018-04-14T05:56:30Z" finished-at="2018-04-14T05:56:47Z">
      <class name="e2e.HomeContentTest">
        <test-method status="PASS" signature="intialize()[pri:0, instance:e2e.HomeContentTest@54d9d12d]" name="intialize" is-config="true" duration-ms="4280" started-at="2018-04-14T05:56:30Z" finished-at="2018-04-14T05:56:34Z">
          <reporter-output>
          </reporter-output>
        </test-method> <!-- intialize -->
        <test-method status="FAIL" signature="basePageNavigation()[pri:0, instance:e2e.HomeContentTest@54d9d12d]" name="basePageNavigation" duration-ms="12502" started-at="2018-04-14T05:56:34Z" finished-at="2018-04-14T05:56:47Z">
          <exception class="org.sikuli.script.FindFailed">
            <message>
              <![CDATA[Region: doFind: Image not loadable: ]]>
            </message>
            <full-stacktrace>
              <![CDATA[FindFailed: Region: doFind: Image not loadable: 
  Line 2535, in file Region.java

at org.sikuli.script.Region.wait(Region.java:2535)
at org.sikuli.script.Region.find(Region.java:2205)
at org.sikuli.script.Region.getLocationFromTarget(Region.java:3067)
at org.sikuli.script.Region.click(Region.java:3534)
at e2e.HomeContentTest.basePageNavigation(HomeContentTest.java:40)
at sun.reflect.NativeMethodAccessorImpl.invoke0(Native Method)
at sun.reflect.NativeMethodAccessorImpl.invoke(NativeMethodAccessorImpl.java:62)
at sun.reflect.DelegatingMethodAccessorImpl.invoke(DelegatingMethodAccessorImpl.java:43)
at java.lang.reflect.Method.invoke(Method.java:497)
at org.testng.internal.MethodInvocationHelper.invokeMethod(MethodInvocationHelper.java:124)
at org.testng.internal.Invoker.invokeMethod(Invoker.java:583)
at org.testng.internal.Invoker.invokeTestMethod(Invoker.java:719)
at org.testng.internal.Invoker.invokeTestMethods(Invoker.java:989)
at org.testng.internal.TestMethodWorker.invokeTestMethods(TestMethodWorker.java:125)
at org.testng.internal.TestMethodWorker.run(TestMethodWorker.java:109)
at org.testng.TestRunner.privateRun(TestRunner.java:648)
at org.testng.TestRunner.run(TestRunner.java:505)
at org.testng.SuiteRunner.runTest(SuiteRunner.java:455)
at org.testng.SuiteRunner.runSequentially(SuiteRunner.java:450)
at org.testng.SuiteRunner.privateRun(SuiteRunner.java:415)
at org.testng.SuiteRunner.run(SuiteRunner.java:364)
at org.testng.SuiteRunnerWorker.runSuite(SuiteRunnerWorker.java:52)
at org.testng.SuiteRunnerWorker.run(SuiteRunnerWorker.java:84)
at org.testng.TestNG.runSuitesSequentially(TestNG.java:1208)
at org.testng.TestNG.runSuitesLocally(TestNG.java:1137)
at org.testng.TestNG.runSuites(TestNG.java:1049)
at org.testng.TestNG.run(TestNG.java:1017)
at org.apache.maven.surefire.testng.TestNGExecutor.run(TestNGExecutor.java:283)
at org.apache.maven.surefire.testng.TestNGXmlTestSuite.execute(TestNGXmlTestSuite.java:75)
at org.apache.maven.surefire.testng.TestNGProvider.invoke(TestNGProvider.java:120)
at org.apache.maven.surefire.booter.ForkedBooter.invokeProviderInSameClassLoader(ForkedBooter.java:379)
at org.apache.maven.surefire.booter.ForkedBooter.runSuitesInProcess(ForkedBooter.java:340)
at org.apache.maven.surefire.booter.ForkedBooter.execute(ForkedBooter.java:125)
at org.apache.maven.surefire.booter.ForkedBooter.main(ForkedBooter.java:413)
]]>
            </full-stacktrace>
          </exception> <!-- org.sikuli.script.FindFailed -->
          <reporter-output>
          </reporter-output>
        </test-method> <!-- basePageNavigation -->
        <test-method status="PASS" signature="teardown()[pri:0, instance:e2e.HomeContentTest@54d9d12d]" name="teardown" is-config="true" duration-ms="202" started-at="2018-04-14T05:56:47Z" finished-at="2018-04-14T05:56:47Z">
          <reporter-output>
          </reporter-output>
        </test-method> <!-- teardown -->
      </class> <!-- e2e.HomeContentTest -->
    </test> <!-- Contet Test -->
    <test name="Validation Nav Bar" duration-ms="15688" started-at="2018-04-14T05:56:47Z" finished-at="2018-04-14T05:57:03Z">
      <class name="testcases.ValidateNavBar">
        <test-method status="PASS" signature="intialize()[pri:0, instance:testcases.ValidateNavBar@22ff4249]" name="intialize" is-config="true" duration-ms="2457" started-at="2018-04-14T05:56:47Z" finished-at="2018-04-14T05:56:50Z">
          <reporter-output>
          </reporter-output>
        </test-method> <!-- intialize -->
        <test-method status="PASS" signature="basePageNavigation()[pri:0, instance:testcases.ValidateNavBar@22ff4249]" name="basePageNavigation" duration-ms="12955" started-at="2018-04-14T05:56:50Z" finished-at="2018-04-14T05:57:03Z">
          <reporter-output>
          </reporter-output>
        </test-method> <!-- basePageNavigation -->
        <test-method status="PASS" signature="teardown()[pri:0, instance:testcases.ValidateNavBar@22ff4249]" name="teardown" is-config="true" duration-ms="273" started-at="2018-04-14T05:57:03Z" finished-at="2018-04-14T05:57:03Z">
          <reporter-output>
          </reporter-output>
        </test-method> <!-- teardown -->
      </class> <!-- testcases.ValidateNavBar -->
    </test> <!-- Validation Nav Bar -->
  </suite> <!-- Suite -->
</testng-results>
